<?xml version="1.0" encoding="UTF-8"?>
<!-- Generated by org.testng.reporters.JUnitReportReporter -->
<testsuite skipped="0" hostname="LAPTOP-ANH0CLBI" name="com.astrofitness.testing.Testing" tests="3" failures="0" timestamp="05 Mar 2018 21:39:16 GMT" time="12.056" errors="0">
  <testcase name="existsGetAllTrainersFromGym" time="12.011" classname="com.astrofitness.testing.Testing"/>
  <testcase name="test2" time="0.006" classname="com.astrofitness.testing.Testing"/>
  <testcase name="foundTrainerInGym" time="0.039" classname="com.astrofitness.testing.Testing"/>
</testsuite> <!-- com.astrofitness.testing.Testing -->
