<?xml version="1.0" encoding="UTF-8"?>
<!-- Generated by org.testng.reporters.JUnitReportReporter -->
<testsuite skipped="5" hostname="LAPTOP-ANH0CLBI" name="com.astrofitness.testing.Testing" tests="6" failures="0" timestamp="07 Mar 2018 23:12:47 GMT" time="5.166" errors="0">
  <testcase name="insertForumRecord" time="5.166" classname="com.astrofitness.testing.Testing"/>
  <testcase name="insertGym" classname="com.astrofitness.testing.Testing">
    <skipped/>
  </testcase> <!-- insertGym -->
  <testcase name="foundTrainerInGym" classname="com.astrofitness.testing.Testing">
    <skipped/>
  </testcase> <!-- foundTrainerInGym -->
  <testcase name="existsGetAllTrainersFromGym" classname="com.astrofitness.testing.Testing">
    <skipped/>
  </testcase> <!-- existsGetAllTrainersFromGym -->
  <testcase name="insertClient" classname="com.astrofitness.testing.Testing">
    <skipped/>
  </testcase> <!-- insertClient -->
  <testcase name="insertTrainer" classname="com.astrofitness.testing.Testing">
    <skipped/>
  </testcase> <!-- insertTrainer -->
</testsuite> <!-- com.astrofitness.testing.Testing -->
